This file contains any messages produced by compilers while
running configure, to aid debugging if configure makes a mistake.

It was created by configure, which was
generated by GNU Autoconf 2.69.  Invocation command line was

  $ ./configure 

## --------- ##
## Platform. ##
## --------- ##

hostname = JunCheng.local
uname -m = x86_64
uname -r = 15.0.0
uname -s = Darwin
uname -v = Darwin Kernel Version 15.0.0: Wed Aug 26 19:41:34 PDT 2015; root:xnu-3247.1.106~5/RELEASE_X86_64

/usr/bin/uname -p = i386
/bin/uname -X     = unknown

/bin/arch              = unknown
/usr/bin/arch -k       = unknown
/usr/convex/getsysinfo = unknown
/usr/bin/hostinfo      = Mach kernel version:
	 Darwin Kernel Version 15.0.0: Wed Aug 26 19:41:34 PDT 2015; root:xnu-3247.1.106~5/RELEASE_X86_64
Kernel configured for up to 4 processors.
2 processors are physically available.
4 processors are logically available.
Processor type: x86_64h (Intel x86-64h Haswell)
Processors active: 0 1 2 3
Primary memory available: 8.00 gigabytes
Default processor set: 302 tasks, 1289 threads, 4 processors
Load average: 1.43, Mach factor: 2.55
/bin/machine           = unknown
/usr/bin/oslevel       = unknown
/bin/universe          = unknown

PATH: /opt/local/bin
PATH: /opt/local/sbin
PATH: /opt/local/bin
PATH: /opt/local/sbin
PATH: /Library/Frameworks/Python.framework/Versions/3.4/bin
PATH: /install/prefix/bin
PATH: /Users/juncheng/Ureka/variants/common/bin
PATH: /Users/juncheng/Ureka/bin
PATH: /Users/juncheng/Ureka/python/bin
PATH: /usr/local/bin
PATH: /usr/bin
PATH: /bin
PATH: /usr/sbin
PATH: /sbin
PATH: /opt/X11/bin
PATH: /Library/TeX/texbin
PATH: /opt/local/bin


## ----------- ##
## Core tests. ##
## ----------- ##

configure:2107: checking build system type
configure:2121: result: x86_64-apple-darwin15.0.0
configure:2141: checking host system type
configure:2154: result: x86_64-apple-darwin15.0.0
configure:2174: checking target system type
configure:2187: result: x86_64-apple-darwin15.0.0
configure:2346: checking for gcc
configure:2373: result: cc
configure:2602: checking for C compiler version
configure:2611: cc --version >&5
Apple LLVM version 7.0.2 (clang-700.1.81)
Target: x86_64-apple-darwin15.0.0
Thread model: posix
configure:2622: $? = 0
configure:2611: cc -v >&5
Apple LLVM version 7.0.2 (clang-700.1.81)
Target: x86_64-apple-darwin15.0.0
Thread model: posix
configure:2622: $? = 0
configure:2611: cc -V >&5
clang: error: argument to '-V' is missing (expected 1 value)
clang: error: no input files
configure:2622: $? = 1
configure:2611: cc -qversion >&5
clang: error: unknown argument: '-qversion'
clang: error: no input files
configure:2622: $? = 1
configure:2642: checking whether the C compiler works
configure:2664: cc    conftest.c  >&5
configure:2668: $? = 0
configure:2716: result: yes
configure:2719: checking for C compiler default output file name
configure:2721: result: a.out
configure:2727: checking for suffix of executables
configure:2734: cc -o conftest    conftest.c  >&5
configure:2738: $? = 0
configure:2760: result: 
configure:2782: checking whether we are cross compiling
configure:2790: cc -o conftest    conftest.c  >&5
configure:2794: $? = 0
configure:2801: ./conftest
configure:2805: $? = 0
configure:2820: result: no
configure:2825: checking for suffix of object files
configure:2847: cc -c   conftest.c >&5
configure:2851: $? = 0
configure:2872: result: o
configure:2876: checking whether we are using the GNU C compiler
configure:2895: cc -c   conftest.c >&5
configure:2895: $? = 0
configure:2904: result: yes
configure:2913: checking whether cc accepts -g
configure:2933: cc -c -g  conftest.c >&5
configure:2933: $? = 0
configure:2974: result: yes
configure:2991: checking for cc option to accept ISO C89
configure:3054: cc  -c -g -O2  conftest.c >&5
configure:3054: $? = 0
configure:3067: result: none needed
configure:3093: checking how to run the C preprocessor
configure:3124: cc -E  conftest.c
configure:3124: $? = 0
configure:3138: cc -E  conftest.c
conftest.c:9:10: fatal error: 'ac_nonexistent.h' file not found
#include <ac_nonexistent.h>
         ^
1 error generated.
configure:3138: $? = 1
configure: failed program was:
| /* confdefs.h */
| #define PACKAGE_NAME ""
| #define PACKAGE_TARNAME ""
| #define PACKAGE_VERSION ""
| #define PACKAGE_STRING ""
| #define PACKAGE_BUGREPORT ""
| #define PACKAGE_URL ""
| /* end confdefs.h.  */
| #include <ac_nonexistent.h>
configure:3163: result: cc -E
configure:3183: cc -E  conftest.c
configure:3183: $? = 0
configure:3197: cc -E  conftest.c
conftest.c:9:10: fatal error: 'ac_nonexistent.h' file not found
#include <ac_nonexistent.h>
         ^
1 error generated.
configure:3197: $? = 1
configure: failed program was:
| /* confdefs.h */
| #define PACKAGE_NAME ""
| #define PACKAGE_TARNAME ""
| #define PACKAGE_VERSION ""
| #define PACKAGE_STRING ""
| #define PACKAGE_BUGREPORT ""
| #define PACKAGE_URL ""
| /* end confdefs.h.  */
| #include <ac_nonexistent.h>
configure:3226: checking for grep that handles long lines and -e
configure:3284: result: /usr/bin/grep
configure:3289: checking for egrep
configure:3351: result: /usr/bin/grep -E
configure:3356: checking for ANSI C header files
configure:3376: cc -c -g -O2  conftest.c >&5
configure:3376: $? = 0
configure:3449: cc -o conftest -g -O2   conftest.c  >&5
configure:3449: $? = 0
configure:3449: ./conftest
configure:3449: $? = 0
configure:3460: result: yes
configure:3473: checking for sys/types.h
configure:3473: cc -c -g -O2  conftest.c >&5
configure:3473: $? = 0
configure:3473: result: yes
configure:3473: checking for sys/stat.h
configure:3473: cc -c -g -O2  conftest.c >&5
configure:3473: $? = 0
configure:3473: result: yes
configure:3473: checking for stdlib.h
configure:3473: cc -c -g -O2  conftest.c >&5
configure:3473: $? = 0
configure:3473: result: yes
configure:3473: checking for string.h
configure:3473: cc -c -g -O2  conftest.c >&5
configure:3473: $? = 0
configure:3473: result: yes
configure:3473: checking for memory.h
configure:3473: cc -c -g -O2  conftest.c >&5
configure:3473: $? = 0
configure:3473: result: yes
configure:3473: checking for strings.h
configure:3473: cc -c -g -O2  conftest.c >&5
configure:3473: $? = 0
configure:3473: result: yes
configure:3473: checking for inttypes.h
configure:3473: cc -c -g -O2  conftest.c >&5
configure:3473: $? = 0
configure:3473: result: yes
configure:3473: checking for stdint.h
configure:3473: cc -c -g -O2  conftest.c >&5
configure:3473: $? = 0
configure:3473: result: yes
configure:3473: checking for unistd.h
configure:3473: cc -c -g -O2  conftest.c >&5
configure:3473: $? = 0
configure:3473: result: yes
configure:3676: checking for gcc
configure:3703: result: cc
configure:3932: checking for C compiler version
configure:3941: cc --version >&5
Apple LLVM version 7.0.2 (clang-700.1.81)
Target: x86_64-apple-darwin15.0.0
Thread model: posix
configure:3952: $? = 0
configure:3941: cc -v >&5
Apple LLVM version 7.0.2 (clang-700.1.81)
Target: x86_64-apple-darwin15.0.0
Thread model: posix
configure:3952: $? = 0
configure:3941: cc -V >&5
clang: error: argument to '-V' is missing (expected 1 value)
clang: error: no input files
configure:3952: $? = 1
configure:3941: cc -qversion >&5
clang: error: unknown argument: '-qversion'
clang: error: no input files
configure:3952: $? = 1
configure:3956: checking whether we are using the GNU C compiler
configure:3984: result: yes
configure:3993: checking whether cc accepts -g
configure:4054: result: yes
configure:4071: checking for cc option to accept ISO C89
configure:4147: result: none needed
configure:4181: checking for gfortran
configure:4197: found /usr/local/bin/gfortran
configure:4208: result: gfortran
configure:4253: checking for ar
configure:4269: found /opt/local/bin/ar
configure:4281: result: ar
configure:4338: checking for ranlib
configure:4365: result: ranlib
configure:4391: checking for stdlib.h
configure:4391: result: yes
configure:4391: checking for string.h
configure:4391: result: yes
configure:4391: checking math.h usability
configure:4391: cc -c -g -O2  conftest.c >&5
configure:4391: $? = 0
configure:4391: result: yes
configure:4391: checking math.h presence
configure:4391: cc -E  conftest.c
configure:4391: $? = 0
configure:4391: result: yes
configure:4391: checking for math.h
configure:4391: result: yes
configure:4391: checking limits.h usability
configure:4391: cc -c -g -O2  conftest.c >&5
configure:4391: $? = 0
configure:4391: result: yes
configure:4391: checking limits.h presence
configure:4391: cc -E  conftest.c
configure:4391: $? = 0
configure:4391: result: yes
configure:4391: checking for limits.h
configure:4391: result: yes
configure:4414: cc -c -g -O2  conftest.c >&5
configure:4414: $? = 0
configure:4496: checking whether cc accepts -arch i386 -arch x86_64
configure:4515: cc -c -g -O2 -arch i386 -arch x86_64  conftest.c >&5
configure:4515: $? = 0
configure:4521: result: yes
configure:4775: checking "whether ftruncate works"
configure:4791: cc -o conftest -g -O2 -arch i386 -arch x86_64 -Dg77Fortran -fPIC -fno-common  -g -O2 conftest.c  >&5
configure:4791: $? = 0
configure:4795: result: "yes"
configure:4809: checking "whether long long is defined"
configure:4825: cc -c -g -O2 -arch i386 -arch x86_64 -Dg77Fortran -fPIC -fno-common  conftest.c >&5
configure:4825: $? = 0
configure:4829: result: "yes"
configure:4850: checking "whether system V style IPC services are supported"
configure:4871: cc -o conftest -g -O2 -arch i386 -arch x86_64 -Dg77Fortran -fPIC -fno-common  -g -O2 conftest.c  >&5
configure:4871: $? = 0
configure:4876: result: "yes"
configure:4892: checking "do we have flock_t defined in sys/fcntl.h"
configure:4908: cc -c -g -O2 -arch i386 -arch x86_64 -Dg77Fortran -fPIC -fno-common  conftest.c >&5
conftest.c:34:1: error: use of undeclared identifier 'flock_t'; did you mean 'flock'?
flock_t filler;
^~~~~~~
flock
/usr/include/sys/fcntl.h:492:5: note: 'flock' declared here
int     flock(int, int);
        ^
conftest.c:34:1: error: must use 'struct' tag to refer to type 'flock'
flock_t filler;
^
struct 
/usr/include/sys/fcntl.h:492:5: note: struct 'flock' is hidden by a non-type declaration of 'flock' here
int     flock(int, int);
        ^
2 errors generated.
configure:4908: $? = 1
configure: failed program was:
| /* confdefs.h */
| #define PACKAGE_NAME ""
| #define PACKAGE_TARNAME ""
| #define PACKAGE_VERSION ""
| #define PACKAGE_STRING ""
| #define PACKAGE_BUGREPORT ""
| #define PACKAGE_URL ""
| #define STDC_HEADERS 1
| #define HAVE_SYS_TYPES_H 1
| #define HAVE_SYS_STAT_H 1
| #define HAVE_STDLIB_H 1
| #define HAVE_STRING_H 1
| #define HAVE_MEMORY_H 1
| #define HAVE_STRINGS_H 1
| #define HAVE_INTTYPES_H 1
| #define HAVE_STDINT_H 1
| #define HAVE_UNISTD_H 1
| #define HAVE_STDLIB_H 1
| #define HAVE_STRING_H 1
| #define HAVE_MATH_H 1
| #define HAVE_LIMITS_H 1
| #define _LARGEFILE_SOURCE 1
| #define _FILE_OFFSET_BITS 64
| #define HAVE_FTRUNCATE 1
| #define HAVE_LONGLONG 1
| #define HAVE_SHMEM_SERVICES 1
| /* end confdefs.h.  */
| #include <sys/fcntl.h>
| 
| int
| main ()
| {
| 
| flock_t filler;
| 
|   ;
|   return 0;
| }
configure:4916: result: "no"
configure:4922: checking "do we have flock_t defined in sys/flock.h"
configure:4938: cc -c -g -O2 -arch i386 -arch x86_64 -Dg77Fortran -fPIC -fno-common  conftest.c >&5
conftest.c:28:10: fatal error: 'sys/flock.h' file not found
#include <sys/flock.h>
         ^
1 error generated.
configure:4938: $? = 1
configure: failed program was:
| /* confdefs.h */
| #define PACKAGE_NAME ""
| #define PACKAGE_TARNAME ""
| #define PACKAGE_VERSION ""
| #define PACKAGE_STRING ""
| #define PACKAGE_BUGREPORT ""
| #define PACKAGE_URL ""
| #define STDC_HEADERS 1
| #define HAVE_SYS_TYPES_H 1
| #define HAVE_SYS_STAT_H 1
| #define HAVE_STDLIB_H 1
| #define HAVE_STRING_H 1
| #define HAVE_MEMORY_H 1
| #define HAVE_STRINGS_H 1
| #define HAVE_INTTYPES_H 1
| #define HAVE_STDINT_H 1
| #define HAVE_UNISTD_H 1
| #define HAVE_STDLIB_H 1
| #define HAVE_STRING_H 1
| #define HAVE_MATH_H 1
| #define HAVE_LIMITS_H 1
| #define _LARGEFILE_SOURCE 1
| #define _FILE_OFFSET_BITS 64
| #define HAVE_FTRUNCATE 1
| #define HAVE_LONGLONG 1
| #define HAVE_SHMEM_SERVICES 1
| /* end confdefs.h.  */
| #include <sys/flock.h>
| 
| int
| main ()
| {
| 
|    flock_t filler;
| 
|   ;
|   return 0;
| }
configure:4946: result: "no"
configure:4957: checking "do we have union semun defined"
configure:4975: cc -c -g -O2 -arch i386 -arch x86_64 -Dg77Fortran -fPIC -fno-common  conftest.c >&5
configure:4975: $? = 0
configure:4979: result: "yes"
configure:4991: checking for library containing gethostbyname
configure:5022: cc -o conftest -g -O2 -arch i386 -arch x86_64 -Dg77Fortran -fPIC -fno-common  -g -O2 conftest.c  >&5
configure:5022: $? = 0
configure:5039: result: none required
configure:5049: checking for library containing connect
configure:5080: cc -o conftest -g -O2 -arch i386 -arch x86_64 -Dg77Fortran -fPIC -fno-common  -g -O2 conftest.c  >&5
configure:5080: $? = 0
configure:5097: result: none required
configure:5317: creating ./config.status

## ---------------------- ##
## Running config.status. ##
## ---------------------- ##

This file was extended by config.status, which was
generated by GNU Autoconf 2.69.  Invocation command line was

  CONFIG_FILES    = 
  CONFIG_HEADERS  = 
  CONFIG_LINKS    = 
  CONFIG_COMMANDS = 
  $ ./config.status 

on JunCheng.local

config.status:755: creating Makefile
configure:6474: creating ./config.status

## ---------------------- ##
## Running config.status. ##
## ---------------------- ##

This file was extended by config.status, which was
generated by GNU Autoconf 2.69.  Invocation command line was

  CONFIG_FILES    = 
  CONFIG_HEADERS  = 
  CONFIG_LINKS    = 
  CONFIG_COMMANDS = 
  $ ./config.status 

on JunCheng.local

config.status:756: creating Makefile
config.status:756: creating cfitsio.pc
configure:7482: result: 
configure:7484: result:     Congratulations, Makefile update was successful.
configure:7486: result:     You may want to run "make" now.
configure:7488: result: 

## ---------------- ##
## Cache variables. ##
## ---------------- ##

ac_cv_build=x86_64-apple-darwin15.0.0
ac_cv_c_compiler_gnu=yes
ac_cv_env_CC_set=set
ac_cv_env_CC_value=cc
ac_cv_env_CFLAGS_set=
ac_cv_env_CFLAGS_value=
ac_cv_env_CPPFLAGS_set=
ac_cv_env_CPPFLAGS_value=
ac_cv_env_CPP_set=
ac_cv_env_CPP_value=
ac_cv_env_LDFLAGS_set=
ac_cv_env_LDFLAGS_value=
ac_cv_env_LIBS_set=
ac_cv_env_LIBS_value=
ac_cv_env_build_alias_set=
ac_cv_env_build_alias_value=
ac_cv_env_host_alias_set=
ac_cv_env_host_alias_value=
ac_cv_env_target_alias_set=
ac_cv_env_target_alias_value=
ac_cv_header_inttypes_h=yes
ac_cv_header_limits_h=yes
ac_cv_header_math_h=yes
ac_cv_header_memory_h=yes
ac_cv_header_stdc=yes
ac_cv_header_stdint_h=yes
ac_cv_header_stdlib_h=yes
ac_cv_header_string_h=yes
ac_cv_header_strings_h=yes
ac_cv_header_sys_stat_h=yes
ac_cv_header_sys_types_h=yes
ac_cv_header_unistd_h=yes
ac_cv_host=x86_64-apple-darwin15.0.0
ac_cv_objext=o
ac_cv_path_EGREP='/usr/bin/grep -E'
ac_cv_path_GREP=/usr/bin/grep
ac_cv_prog_AR=ar
ac_cv_prog_CPP='cc -E'
ac_cv_prog_FC=gfortran
ac_cv_prog_ac_ct_CC=cc
ac_cv_prog_ac_ct_RANLIB=ranlib
ac_cv_prog_cc_c89=
ac_cv_prog_cc_g=yes
ac_cv_search_connect='none required'
ac_cv_search_gethostbyname='none required'
ac_cv_target=x86_64-apple-darwin15.0.0

## ----------------- ##
## Output variables. ##
## ----------------- ##

AR='ar'
ARCH='i386'
ARCHIVE='ar rv'
CC='cc'
CFITSIO_MAJOR='3'
CFITSIO_MINOR='38'
CFITSIO_SHLIB='lib${PACKAGE}.${CFITSIO_SONAME}.${CFITSIO_MAJOR}.${CFITSIO_MINOR}${SHLIB_SUFFIX}'
CFITSIO_SHLIB_SONAME='lib${PACKAGE}.${CFITSIO_SONAME}${SHLIB_SUFFIX}'
CFITSIO_SONAME='4'
CFLAGS='-g -O2 -arch i386 -arch x86_64 -Dg77Fortran -fPIC -fno-common'
CPP='cc -E'
CPPFLAGS=''
DEFS='-DPACKAGE_NAME=\"\" -DPACKAGE_TARNAME=\"\" -DPACKAGE_VERSION=\"\" -DPACKAGE_STRING=\"\" -DPACKAGE_BUGREPORT=\"\" -DPACKAGE_URL=\"\" -DSTDC_HEADERS=1 -DHAVE_SYS_TYPES_H=1 -DHAVE_SYS_STAT_H=1 -DHAVE_STDLIB_H=1 -DHAVE_STRING_H=1 -DHAVE_MEMORY_H=1 -DHAVE_STRINGS_H=1 -DHAVE_INTTYPES_H=1 -DHAVE_STDINT_H=1 -DHAVE_UNISTD_H=1 -DHAVE_STDLIB_H=1 -DHAVE_STRING_H=1 -DHAVE_MATH_H=1 -DHAVE_LIMITS_H=1 -D_LARGEFILE_SOURCE=1 -D_FILE_OFFSET_BITS=64 -DHAVE_FTRUNCATE=1 -DHAVE_LONGLONG=1 -DHAVE_SHMEM_SERVICES=1 -DHAVE_UNION_SEMUN=1 -DHAVE_NET_SERVICES=1'
ECHO_C='\c'
ECHO_N=''
ECHO_T=''
EGREP='/usr/bin/grep -E'
EXEEXT=''
F77_WRAPPERS='${FITSIO_SRC}'
FC='gfortran'
GCCVERSION='4.2.1'
GREP='/usr/bin/grep'
INSTALL_ROOT='${prefix}'
LDFLAGS='-g -O2'
LIBOBJS=''
LIBPRE=''
LIBS=''
LTLIBOBJS=''
OBJEXT='o'
PACKAGE_BUGREPORT=''
PACKAGE_NAME=''
PACKAGE_STRING=''
PACKAGE_TARNAME=''
PACKAGE_URL=''
PACKAGE_VERSION=''
PATH_SEPARATOR=':'
RANLIB='ranlib'
SHELL='/bin/sh'
SHLIB_LD='cc -dynamiclib -arch i386 -arch x86_64 -headerpad_max_install_names -install_name @rpath/lib${PACKAGE}.${CFITSIO_SONAME}${SHLIB_SUFFIX} -compatibility_version ${CFITSIO_SONAME} -current_version ${CFITSIO_SONAME}.${CFITSIO_MAJOR}.${CFITSIO_MINOR}'
SHLIB_SUFFIX='.dylib'
SSE_FLAGS=''
ac_ct_CC='cc'
bindir='${exec_prefix}/bin'
build='x86_64-apple-darwin15.0.0'
build_alias=''
build_cpu='x86_64'
build_os='darwin15.0.0'
build_vendor='apple'
datadir='${datarootdir}'
datarootdir='${prefix}/share'
docdir='${datarootdir}/doc/${PACKAGE}'
dvidir='${docdir}'
exec_prefix='${prefix}'
host='x86_64-apple-darwin15.0.0'
host_alias=''
host_cpu='x86_64'
host_os='darwin15.0.0'
host_vendor='apple'
htmldir='${docdir}'
includedir='${prefix}/include'
infodir='${datarootdir}/info'
libdir='${exec_prefix}/lib'
libexecdir='${exec_prefix}/libexec'
localedir='${datarootdir}/locale'
localstatedir='${prefix}/var'
mandir='${datarootdir}/man'
my_shmem='${SOURCES_SHMEM}'
oldincludedir='/usr/include'
pdfdir='${docdir}'
prefix='/Users/juncheng/work/cfitsio'
program_transform_name='s,x,x,'
psdir='${docdir}'
sbindir='${exec_prefix}/sbin'
sharedstatedir='${prefix}/com'
sysconfdir='${prefix}/etc'
target='x86_64-apple-darwin15.0.0'
target_alias=''
target_cpu='x86_64'
target_os='darwin15.0.0'
target_vendor='apple'

## ----------- ##
## confdefs.h. ##
## ----------- ##

/* confdefs.h */
#define PACKAGE_NAME ""
#define PACKAGE_TARNAME ""
#define PACKAGE_VERSION ""
#define PACKAGE_STRING ""
#define PACKAGE_BUGREPORT ""
#define PACKAGE_URL ""
#define STDC_HEADERS 1
#define HAVE_SYS_TYPES_H 1
#define HAVE_SYS_STAT_H 1
#define HAVE_STDLIB_H 1
#define HAVE_STRING_H 1
#define HAVE_MEMORY_H 1
#define HAVE_STRINGS_H 1
#define HAVE_INTTYPES_H 1
#define HAVE_STDINT_H 1
#define HAVE_UNISTD_H 1
#define HAVE_STDLIB_H 1
#define HAVE_STRING_H 1
#define HAVE_MATH_H 1
#define HAVE_LIMITS_H 1
#define _LARGEFILE_SOURCE 1
#define _FILE_OFFSET_BITS 64
#define HAVE_FTRUNCATE 1
#define HAVE_LONGLONG 1
#define HAVE_SHMEM_SERVICES 1
#define HAVE_UNION_SEMUN 1
#define HAVE_NET_SERVICES 1

configure: exit 0
