-----------------------------------------------------------------------------

Input image     : HorseShoe_large_ADU.fits[1:461,1:361] 
Init. par. file : HorseShoe.feedme 
Restart file    : galfit.01 
Output image    : HorseShoe_output.fits 

 sersic    : (  266.44,   164.54)    6.74    302.66    0.22    1.00   -56.75
             (    0.90,     0.89)    0.00      0.11    0.00    0.00     0.00
 sersic    : (   59.61,   183.62)   11.10    163.64    0.05    0.81   -80.14
             (    0.16,     0.12)    0.01      0.00    0.00    0.01     0.31
 Chi^2 = 353566.01913,  ndof = 125089
 Chi^2/nu = 2.827 

-----------------------------------------------------------------------------
-----------------------------------------------------------------------------

Input image     : HorseShoe_large_ADU.fits[1:461,1:361] 
Init. par. file : HorseShoe.feedme 
Restart file    : galfit.02 
Output image    : HorseShoe_output.fits 

 sersic    : (  231.32,   180.06)    2.60   4012.04    1.26    0.86   -72.42
             (    0.60,     0.53)    0.18    446.54    0.04    0.01     1.56
 Chi^2 = 327031.40105,  ndof = 125096
 Chi^2/nu = 2.614 

-----------------------------------------------------------------------------
-----------------------------------------------------------------------------

Input image     : HorseShoe_large_ADU.fits[1:461,1:361] 
Init. par. file : HorseShoe.feedme 
Restart file    : galfit.03 
Output image    : HorseShoe_output.fits 

 sersic    : (  231.56,   179.37)    3.63   2062.19    1.00    0.86   -73.21
             (    0.62,     0.56)    0.13    171.74    0.03    0.01     1.60
 Chi^2 = 332530.79900,  ndof = 125096
 Chi^2/nu = 2.658 

-----------------------------------------------------------------------------
-----------------------------------------------------------------------------

Input image     : HorseShoe_large_ADU.fits[1:461,1:361] 
Init. par. file : HorseShoe.feedme 
Restart file    : galfit.04 
Output image    : HorseShoe_output.fits 

 sersic    : (  231.96,   181.49)   12.01     40.76    3.28    0.84   -10.43
             (    0.02,     0.02)    0.01      0.87    0.04    0.00     1.06
 sky       : [231.00, 181.00]    70.77  -2.28e-03  -2.16e-03
                                  0.02  1.52e-04  1.93e-04
 Chi^2 = 158368.20180,  ndof = 125093
 Chi^2/nu = 1.266 

-----------------------------------------------------------------------------
-----------------------------------------------------------------------------

Input image     : HorseShoe_large_ADU.fits[1:461,1:361] 
Init. par. file : HorseShoe.feedme 
Restart file    : galfit.05 
Output image    : HorseShoe_output.fits 

 sersic    : (  231.96,   181.49)   12.01     40.76    3.28    0.84   -10.43
             (    0.02,     0.02)    0.01      0.87    0.04    0.00     1.06
 sky       : [231.00, 181.00]    70.77  -2.28e-03  -2.16e-03
                                  0.02  1.52e-04  1.93e-04
 Chi^2 = 158368.20180,  ndof = 125093
 Chi^2/nu = 1.266 

-----------------------------------------------------------------------------
-----------------------------------------------------------------------------

Input image     : HorseShoe_large_ADU.fits[1:461,1:361] 
Init. par. file : HorseShoe.feedme 
Restart file    : galfit.06 
Output image    : HorseShoe_output.fits 

 sersic    : (  231.96,   181.49)   12.01     40.76    3.28    0.84   -10.43
             (    0.02,     0.02)    0.01      0.87    0.04    0.00     1.03
 sersic    : (  231.99,   179.90)   25.06      6.25    0.54    0.55    -2.59
             (  650.25,   823.99)  456.25    976.52  328.32   87.06 10759.86
 sky       : [231.00, 181.00]    69.90  -6.33e-08  -7.58e-08
                                  0.02  1.53e-04  1.95e-04
 Chi^2 = 160943.97153,  ndof = 125086
 Chi^2/nu = 1.287 

-----------------------------------------------------------------------------
-----------------------------------------------------------------------------

Input image     : HorseShoe_large_ADU.fits[1:461,1:361] 
Init. par. file : HorseShoe.feedme 
Restart file    : galfit.07 
Output image    : HorseShoe_output.fits 

 sersic    : (  233.93,   181.06)   11.85     69.22    2.19    0.89   -61.95
             (    0.12,     0.10)    0.04      3.28    0.10    0.01     2.48
 sersic    : (  231.64,   181.65)   14.25      6.48    0.80    0.60    -3.04
             (    0.02,     0.03)    0.02      0.05    0.01    0.01     0.59
 sky       : [231.00, 181.00]    70.35  -2.34e-03  -2.24e-03
                                  0.04  1.49e-04  1.90e-04
 Chi^2 = 152370.84512,  ndof = 125086
 Chi^2/nu = 1.218 

-----------------------------------------------------------------------------
-----------------------------------------------------------------------------

Input image     : HorseShoe_large_ADU.fits[1:461,1:361] 
Init. par. file : HorseShoe.feedme 
Restart file    : galfit.08 
Output image    : HorseShoe_output.fits 

 sersic    : (  234.03,   181.18)   11.85     69.09    2.22    0.90   -61.97
             (    0.12,     0.10)    0.04      3.27    0.10    0.01     2.84
 sersic    : (  231.61,   181.62)   14.25      6.50    0.80    0.60    -3.05
             (    0.02,     0.03)    0.02      0.05    0.01    0.01     0.58
 psf       : (  198.87,   163.32)   18.22
             (    0.04,     0.03)    0.02
 sky       : [231.00, 181.00]    70.35  -2.34e-03  -2.24e-03
                                  0.04  1.48e-04  1.89e-04
 Chi^2 = 151125.81636,  ndof = 125083
 Chi^2/nu = 1.208 

-----------------------------------------------------------------------------
-----------------------------------------------------------------------------

Input image     : HorseShoe_large_ADU.fits[1:461,1:361] 
Init. par. file : HorseShoe.feedme 
Restart file    : galfit.09 
Output image    : HorseShoe_output.fits 

 sersic    : (  234.03,   181.18)   11.85     69.16    2.22    0.90   -61.97
             (    0.12,     0.10)    0.04      3.28    0.10    0.01     2.84
 sersic    : (  231.61,   181.62)   14.25      6.50    0.80    0.60    -3.05
             (    0.02,     0.03)    0.02      0.05    0.01    0.01     0.58
 psf       : (  198.89,   163.32)   18.22
             (    0.04,     0.03)    0.02
 sky       : [231.00, 181.00]    70.35  -2.34e-03  -2.24e-03
                                  0.04  1.48e-04  1.89e-04
 Chi^2 = 151126.35527,  ndof = 125083
 Chi^2/nu = 1.208 

-----------------------------------------------------------------------------
-----------------------------------------------------------------------------

Input image     : HorseShoe_large_ADU.fits[1:461,1:361] 
Init. par. file : HorseShoe.feedme 
Restart file    : galfit.10 
Output image    : HorseShoe_output.fits 

 sersic    : (  234.03,   181.18)   11.85     69.16    2.22    0.90   -61.97
             (    0.12,     0.10)    0.04      3.28    0.10    0.01     2.84
 sersic    : (  231.61,   181.62)   14.25      6.50    0.80    0.60    -3.05
             (    0.02,     0.03)    0.02      0.05    0.01    0.01     0.58
 psf       : (  198.89,   163.32)   18.22
             (    0.04,     0.03)    0.02
 sky       : [231.00, 181.00]    70.35  -2.34e-03  -2.24e-03
                                  0.04  1.48e-04  1.89e-04
 Chi^2 = 151126.35527,  ndof = 125083
 Chi^2/nu = 1.208 

-----------------------------------------------------------------------------
-----------------------------------------------------------------------------

Input image     : HorseShoe_large_ADU.fits[1:461,1:361] 
Init. par. file : HorseShoe.feedme 
Restart file    : galfit.11 
Output image    : HorseShoe_output.fits 

 sersic    : (  234.03,   181.19)   11.87     68.20    2.20    0.90   -62.75
             (    0.12,     0.10)    0.04      3.17    0.09    0.01     2.80
 sersic    : (  231.62,   181.61)   14.25      6.50    0.80    0.60    -3.01
             (    0.02,     0.03)    0.02      0.05    0.01    0.01     0.58
 psf       : (  198.85,   163.32)   18.21
             (    0.04,     0.03)    0.02
 psf       : (  225.73,    91.22)   18.76
             (    0.05,     0.06)    0.04
 sky       : [231.00, 181.00]    70.36  -2.34e-03  -2.21e-03
                                  0.04  1.48e-04  1.89e-04
 Chi^2 = 150645.61330,  ndof = 125080
 Chi^2/nu = 1.204 

-----------------------------------------------------------------------------
-----------------------------------------------------------------------------

Input image     : HorseShoe_large_ADU.fits[1:461,1:361] 
Init. par. file : HorseShoe.feedme 
Restart file    : galfit.12 
Output image    : HorseShoe_output.fits 

 sersic    : (  234.02,   181.14)   11.85     69.62    2.21    0.90   -62.24
             (    0.12,     0.10)    0.04      3.32    0.10    0.01     2.74
 sersic    : (  231.62,   181.63)   14.25      6.50    0.80    0.60    -3.11
             (    0.02,     0.03)    0.02      0.05    0.01    0.01     0.58
 edgedisk  : (  257.00,  *384.13*) *53.28*   182.12  151.86    14.65
             (1201035125194752.00, *4296205588758528.00*) *33844870774784.00* 4634576265674752.00 4348960403619840.00 961866985635840.00
 psf       : (  198.88,   163.32)   18.22
             (    0.04,     0.03)    0.02
 psf       : (  222.18,    90.94)   20.63
             (    0.34,     0.40)    0.27
 sky       : [231.00, 181.00]    70.31  -2.23e-03  -2.51e-03
                                  0.26  4.45e-04  7.33e-04
 Chi^2 = 151121.88658,  ndof = 125074
 Chi^2/nu = 1.208 

-----------------------------------------------------------------------------
-----------------------------------------------------------------------------

Input image     : HorseShoe_large_ADU.fits[1:461,1:361] 
Init. par. file : HorseShoe.feedme 
Restart file    : galfit.13 
Output image    : HorseShoe_output.fits 

 sersic    : (  233.93,   181.06)   11.85     69.22    2.19    0.89   -61.95
             (    0.12,     0.10)    0.04      3.28    0.10    0.01     2.49
 sersic    : (  231.64,   181.65)   14.25      6.48    0.80    0.60    -3.04
             (    0.02,     0.03)    0.02      0.05    0.01    0.01     0.59
 edgedisk  : (  168.82,   345.47)  *30.49*    17.46   80.52    74.08
             (1296921.88, 460097.88) *10319.29* 317290.16 1864719.00 126788.95
 psf       : (  198.89,   163.32)   18.22
             (    0.04,     0.03)    0.02
 psf       : (  222.00,    91.00)   20.00
             (    0.18,     0.19)    0.16
 sky       : [231.00, 181.00]    69.90  -2.26e-12  -2.43e-12
                                  0.04  1.49e-04  1.90e-04
 Chi^2 = 152157.85192,  ndof = 125074
 Chi^2/nu = 1.217 

-----------------------------------------------------------------------------
-----------------------------------------------------------------------------

Input image     : HorseShoe_large_ADU.fits[1:461,1:361] 
Init. par. file : HorseShoe.feedme 
Restart file    : galfit.14 
Output image    : HorseShoe_output.fits 

 sersic    : (  233.83,   180.83)   11.82     69.75    2.17    0.91   -77.18
             (    0.12,     0.11)    0.05      3.39    0.09    0.01     3.18
 sersic    : (  231.67,   181.70)   14.24      6.51    0.80    0.60    -4.31
             (    0.02,     0.03)    0.02      0.05    0.01    0.01     0.57
 edgedisk  : (  374.01,  *373.95*)  15.72    267.20 1052.58    62.13
             (   22.98,   *13.87*)   0.26     33.15  261.16     1.40
 psf       : (  198.85,   163.32)   18.21
             (    0.04,     0.03)    0.02
 psf       : (  225.71,    91.23)   18.75
             (    0.04,     0.06)    0.04
 sky       : [231.00, 181.00]    62.06  -1.85e-02  -3.32e-02
                                  2.32  2.90e-03  5.41e-03
 Chi^2 = 149535.13480,  ndof = 125074
 Chi^2/nu = 1.196 

-----------------------------------------------------------------------------
-----------------------------------------------------------------------------

Input image     : HorseShoe_large_ADU.fits[1:461,1:361] 
Init. par. file : HorseShoe.feedme 
Restart file    : galfit.15 
Output image    : HorseShoe_output.fits 

 sersic    : (  233.74,   180.75)   11.93     64.24    2.22    0.91   -70.61
             (    0.10,     0.10)    0.05      3.31    0.06    0.01     2.77
 sersic    : (  231.64,   181.76)   14.27      6.49    0.79    0.60    -4.27
             (    0.02,     0.03)    0.02      0.05    0.01    0.01     0.55
 sersic    : (   40.27,    12.45)   14.25     53.73  *10.06*   0.64    36.63
             (    0.02,     0.02)    0.23     26.85   *1.39*   0.02     2.14
 edgedisk  : (  330.78,   322.43)   17.01    232.02  291.56    66.09
             (   10.12,    19.77)    0.39     43.42   90.73     3.56
 psf       : (  198.85,   163.32)   18.21
             (    0.04,     0.02)    0.02
 psf       : (  225.71,    91.23)   18.75
             (    0.04,     0.05)    0.03
 sky       : [231.00, 181.00]    67.74  -5.63e-03  -9.73e-03
                                  1.18  1.50e-03  3.06e-03
 Chi^2 = 134524.53138,  ndof = 125067
 Chi^2/nu = 1.076 

-----------------------------------------------------------------------------
-----------------------------------------------------------------------------

Input image     : HorseShoe_large_ADU.fits[1:461,1:361] 
Init. par. file : HorseShoe.feedme 
Restart file    : galfit.16 
Output image    : HorseShoe_output.fits 

 sersic    : (  234.03,   180.95)   11.63     87.46    2.50    0.91   -63.99
             (    0.11,     0.09)    0.05      5.14    0.11    0.01     2.81
 sersic    : (  231.59,   181.70)   14.24      6.63    0.83    0.59    -3.74
             (    0.02,     0.03)    0.02      0.05    0.01    0.01     0.55
 sersic    : (   40.27,    12.45)   13.76    134.65  *11.96*   0.63    37.89
             (    0.02,     0.02)    0.27     82.19   *1.66*   0.02     2.00
 psf       : (  198.85,   163.32)   18.21
             (    0.04,     0.02)    0.02
 psf       : (  225.71,    91.23)   18.75
             (    0.04,     0.05)    0.03
 sky       : [231.00, 181.00]    69.94  -7.45e-04  -2.10e-04
                                  0.04  1.40e-04  1.78e-04
 Chi^2 = 134732.16873,  ndof = 125073
 Chi^2/nu = 1.077 

-----------------------------------------------------------------------------
-----------------------------------------------------------------------------

Input image     : HorseShoe_large_ADU.fits[1:461,1:361] 
Init. par. file : HorseShoe.feedme 
Restart file    : galfit.17 
Output image    : HorseShoe_output.fits 

 sersic    : (  234.03,   180.95)   11.63     87.55    2.50    0.91   -63.99
             (    0.11,     0.09)    0.05      5.15    0.11    0.01     2.81
 sersic    : (  231.59,   181.70)   14.24      6.63    0.83    0.59    -3.75
             (    0.02,     0.03)    0.02      0.05    0.01    0.01     0.55
 sersic    : (   40.27,    12.45)   13.75    137.56  *12.02*   0.62    37.90
             (    0.02,     0.02)    0.28     84.69   *1.68*   0.02     2.00
 psf       : (  198.85,   163.32)   18.21
             (    0.04,     0.02)    0.02
 psf       : (  225.71,    91.23)   18.75
             (    0.04,     0.05)    0.03
 sky       : [231.00, 181.00]    69.94  -7.43e-04  -2.07e-04
                                  0.04  1.40e-04  1.78e-04
 Chi^2 = 134731.64265,  ndof = 125073
 Chi^2/nu = 1.077 

-----------------------------------------------------------------------------
-----------------------------------------------------------------------------

Input image     : HorseShoe_large_ADU.fits[1:461,1:361] 
Init. par. file : HorseShoe.feedme 
Restart file    : galfit.18 
Output image    : HorseShoe_output.fits 

 sersic    : (  234.03,   180.95)   11.63     87.33    2.50    0.91   -63.98
             (    0.11,     0.09)    0.05      5.12    0.11    0.01     2.81
 sersic    : (  231.59,   181.69)   14.24      6.63    0.83    0.59    -3.74
             (    0.02,     0.03)    0.02      0.05    0.01    0.01     0.55
 psf       : (  198.85,   163.32)   18.21
             (    0.04,     0.02)    0.02
 psf       : (  225.71,    91.23)   18.75
             (    0.04,     0.05)    0.03
 sersic    : (   40.27,    12.45)   13.78    128.66  *11.85*   0.63    37.87
             (    0.02,     0.02)    0.27     77.10   *1.63*   0.02     2.01
 sky       : [231.00, 181.00]    69.94  -7.51e-04  -2.16e-04
                                  0.04  1.40e-04  1.78e-04
 Chi^2 = 134733.31063,  ndof = 125073
 Chi^2/nu = 1.077 

-----------------------------------------------------------------------------
-----------------------------------------------------------------------------

Input image     : HorseShoe_large_ADU.fits[1:461,1:361] 
Init. par. file : HorseShoe.feedme 
Restart file    : galfit.19 
Output image    : HorseShoe_output.fits 

 sersic    : (  234.03,   180.95)   11.63     87.28    2.50    0.91   -63.99
             (    0.11,     0.09)    0.05      5.12    0.11    0.01     2.81
 sersic    : (  231.59,   181.69)   14.24      6.63    0.83    0.59    -3.74
             (    0.02,     0.03)    0.02      0.05    0.01    0.01     0.55
 psf       : (  198.85,   163.32)   18.21
             (    0.04,     0.02)    0.02
 psf       : (  225.71,    91.23)   18.75
             (    0.04,     0.05)    0.03
 sersic    : (   40.27,    12.45)   13.76    133.47  *11.94*   0.63    37.89
             (    0.02,     0.02)    0.27     81.18   *1.66*   0.02     2.00
 sky       : [231.00, 181.00]    69.94  -7.47e-04  -2.12e-04
                                  0.04  1.40e-04  1.78e-04
 Chi^2 = 134732.41625,  ndof = 125073
 Chi^2/nu = 1.077 

-----------------------------------------------------------------------------
-----------------------------------------------------------------------------

Input image     : HorseShoe_large_ADU.fits[1:461,1:361] 
Init. par. file : HorseShoe.feedme 
Restart file    : galfit.20 
Output image    : HorseShoe_output.fits 

 sersic    : (  234.03,   180.95)   11.63     87.30    2.50    0.91   -63.99
             (    0.11,     0.09)    0.05      5.12    0.11    0.01     2.81
 sersic    : (  231.59,   181.69)   14.24      6.63    0.83    0.59    -3.74
             (    0.02,     0.03)    0.02      0.05    0.01    0.01     0.55
 psf       : (  198.85,   163.32)   18.21
             (    0.04,     0.02)    0.02
 psf       : (  225.71,    91.23)   18.75
             (    0.04,     0.05)    0.03
 sersic    : (   40.27,    12.45)   13.76    133.60  *11.94*   0.63    37.89
             (    0.02,     0.02)    0.27     81.30   *1.66*   0.02     2.00
 sky       : [231.00, 181.00]    69.94  -7.46e-04  -2.12e-04
                                  0.04  1.40e-04  1.78e-04
 Chi^2 = 134732.38972,  ndof = 125073
 Chi^2/nu = 1.077 

-----------------------------------------------------------------------------
-----------------------------------------------------------------------------

Input image     : HorseShoe_large_ADU.fits[1:461,1:361] 
Init. par. file : HorseShoe.feedme 
Restart file    : galfit.21 
Output image    : HorseShoe_output.fits 

 sersic    : (  234.03,   180.91)   11.59     91.38    2.56    0.91   -64.26
             (    0.11,     0.09)    0.05      5.62    0.11    0.01     2.85
 sersic    : (  231.58,   181.71)   14.24      6.65    0.83    0.59    -3.88
             (    0.02,     0.03)    0.02      0.05    0.01    0.00     0.55
 psf       : (  198.85,   163.32)   18.21
             (    0.04,     0.02)    0.02
 psf       : (  225.71,    91.23)   18.75
             (    0.04,     0.05)    0.03
 sersic    : (   40.27,    12.46)   12.39   3001.13  *19.96*   0.59    38.76
             (    0.02,     0.03)    0.69   4880.08   *4.33*   0.02     1.80
 sky       : [231.00, 181.00]    69.86  -4.96e-04  5.54e-05
                                  0.04  1.40e-04  1.78e-04
 Chi^2 = 134692.68234,  ndof = 125073
 Chi^2/nu = 1.077 

-----------------------------------------------------------------------------
-----------------------------------------------------------------------------

Input image     : HorseShoe_large_ADU.fits[1:461,1:361] 
Init. par. file : HorseShoe.feedme 
Restart file    : galfit.22 
Output image    : HorseShoe_output.fits 

 sersic    : (  234.03,   180.90)   11.57     92.95    2.58    0.91   -64.09
             (    0.10,     0.09)    0.05      5.79    0.11    0.01     2.82
 sersic    : (  231.58,   181.72)   14.24      6.67    0.83    0.59    -3.90
             (    0.02,     0.03)    0.02      0.05    0.01    0.01     0.55
 psf       : (  198.85,   163.32)   18.21
             (    0.04,     0.02)    0.02
 psf       : (  225.71,    91.19)   18.76
             (    0.04,     0.06)    0.04
 sersic    : (   40.27,    12.45)   13.12    550.46  *15.46*   0.60    38.44
             (    0.02,     0.03)    0.44    550.40   *2.67*   0.02     1.86
 sky       : [231.00, 181.00]    69.86  -5.93e-04  -4.41e-05
                                  0.04  1.40e-04  1.78e-04
 Chi^2 = 134708.05481,  ndof = 125073
 Chi^2/nu = 1.077 

-----------------------------------------------------------------------------
-----------------------------------------------------------------------------

Input image     : HorseShoe_large_ADU.fits[1:461,1:361] 
Init. par. file : HorseShoe.feedme 
Restart file    : galfit.01 
Output image    : HorseShoe_output.fits 

 sersic    : (  234.03,   181.19)   11.87     68.20    2.20    0.90   -62.75
             (    0.12,     0.10)    0.04      3.17    0.09    0.01     2.80
 sersic    : (  231.62,   181.61)   14.25      6.50    0.80    0.60    -3.01
             (    0.02,     0.03)    0.02      0.05    0.01    0.01     0.58
 psf       : (  198.85,   163.32)   18.21
             (    0.04,     0.03)    0.02
 psf       : (  225.73,    91.22)   18.76
             (    0.05,     0.06)    0.04
 sky       : [231.00, 181.00]    70.36  -2.34e-03  -2.21e-03
                                  0.04  1.48e-04  1.89e-04
 Chi^2 = 150645.61330,  ndof = 125080
 Chi^2/nu = 1.204 

-----------------------------------------------------------------------------
-----------------------------------------------------------------------------

Input image     : HorseShoe_large_ADU.fits[1:461,1:361] 
Init. par. file : HorseShoe.feedme 
Restart file    : galfit.02 
Output image    : HorseShoe_output.fits 

 sersic    : (  234.03,   180.95)   11.63     87.12    2.50    0.91   -63.99
             (    0.11,     0.09)    0.05      5.10    0.11    0.01     2.81
 sersic    : (  231.59,   181.69)   14.24      6.63    0.82    0.59    -3.74
             (    0.02,     0.03)    0.02      0.05    0.01    0.01     0.55
 psf       : (  198.85,   163.32)   18.21
             (    0.04,     0.02)    0.02
 psf       : (  225.71,    91.23)   18.75
             (    0.04,     0.05)    0.03
 sersic    : (   40.27,    12.45)   13.77    132.90  *11.93*   0.63    37.88
             (    0.02,     0.02)    0.27     80.70   *1.66*   0.02     2.00
 sky       : [231.00, 181.00]    69.94  -7.47e-04  -2.13e-04
                                  0.04  1.40e-04  1.78e-04
 Chi^2 = 134732.55442,  ndof = 125073
 Chi^2/nu = 1.077 

-----------------------------------------------------------------------------
-----------------------------------------------------------------------------

Input image     : HorseShoe_large_ADU.fits[1:461,1:361] 
Init. par. file : HorseShoe.feedme 
Restart file    : galfit.03 
Output image    : HorseShoe_output.fits 

 sersic    : (  234.00,   180.87)   11.59     90.07    2.50    0.91   -65.20
             (    0.11,     0.10)    0.06      5.64    0.11    0.01     3.00
 sersic    : (  231.60,   181.71)   14.23      6.62    0.83    0.60    -4.02
             (    0.02,     0.03)    0.01      0.05    0.01    0.01     0.55
 psf       : (  198.85,   163.32)   18.21
             (    0.04,     0.02)    0.02
 psf       : (  225.71,    91.23)   18.75
             (    0.04,     0.05)    0.03
 sersic    : (   40.27,    12.43)   15.29      8.20    6.59    0.77    23.47
             (    0.02,     0.02)    0.14      2.37    0.94    0.03     4.42
 sersic    : (   31.34,    22.40)   12.24    573.02    1.54   *0.07*   47.95
             (    8.02,     7.38)    0.58    318.57    0.18   *0.03*    1.05
 sky       : [231.00, 181.00]    69.80  7.34e-05  7.11e-04
                                  0.05  1.39e-04  1.78e-04
 Chi^2 = 134032.70643,  ndof = 125066
 Chi^2/nu = 1.072 

-----------------------------------------------------------------------------
-----------------------------------------------------------------------------

Input image     : HorseShoe_large_ADU.fits[1:461,1:361] 
Init. par. file : HorseShoe.feedme 
Restart file    : galfit.04 
Output image    : HorseShoe_output.fits 

 sersic    : (  234.03,   181.03)   11.71     80.46    2.40    0.90   -63.42
             (    0.11,     0.10)    0.05      4.34    0.10    0.01     2.73
 sersic    : (  231.60,   181.67)   14.24      6.59    0.82    0.59    -3.48
             (    0.02,     0.03)    0.02      0.05    0.01    0.01     0.55
 psf       : (  198.85,   163.32)   18.21
             (    0.04,     0.02)    0.02
 psf       : (  225.71,    91.23)   18.75
             (    0.04,     0.05)    0.03
 moffat    : (   40.27,    12.45)   13.47      1.87    1.03    0.76    34.52
             (    0.02,     0.02)    0.90      0.11    0.02    0.02     3.21
 sky       : [231.00, 181.00]    70.08  -1.28e-03  -8.37e-04
                                  0.04  1.40e-04  1.77e-04
 Chi^2 = 134937.89519,  ndof = 125073
 Chi^2/nu = 1.079 

-----------------------------------------------------------------------------
-----------------------------------------------------------------------------

Input image     : HorseShoe_large_ADU.fits[1:461,1:361] 
Init. par. file : HorseShoe.feedme 
Restart file    : galfit.05 
Output image    : HorseShoe_output.fits 

 sersic    : (  234.03,   181.03)   11.71     80.57    2.40    0.90   -63.44
             (    0.11,     0.10)    0.05      4.36    0.10    0.01     2.73
 sersic    : (  231.60,   181.67)   14.24      6.59    0.82    0.59    -3.49
             (    0.02,     0.03)    0.02      0.05    0.01    0.01     0.55
 psf       : (  198.85,   163.32)   18.21
             (    0.04,     0.02)    0.02
 psf       : (  225.71,    91.23)   18.75
             (    0.04,     0.05)    0.03
 moffat    : (   40.27,    12.45)   13.03      1.85    1.02    0.76    34.68
             (    0.02,     0.02)    1.40      0.11    0.02    0.02     3.16
 sky       : [231.00, 181.00]    70.08  -1.27e-03  -8.18e-04
                                  0.04  1.21e-04  1.78e-04
 Chi^2 = 134926.93546,  ndof = 125073
 Chi^2/nu = 1.079 

-----------------------------------------------------------------------------
-----------------------------------------------------------------------------

Input image     : HorseShoe_large_ADU.fits[1:461,1:361] 
Init. par. file : HorseShoe.feedme 
Restart file    : galfit.06 
Output image    : HorseShoe_output.fits 

 sersic    : (  234.02,   180.98)   11.67     83.45    2.44    0.91   -64.44
             (    0.11,     0.10)    0.05      4.67    0.10    0.01     2.77
 sersic    : (  231.60,   181.68)   14.24      6.61    0.82    0.59    -3.65
             (    0.02,     0.03)    0.02      0.05    0.01    0.01     0.55
 psf       : (  198.85,   163.32)   18.21
             (    0.04,     0.02)    0.02
 psf       : (  225.71,    91.23)   18.75
             (    0.04,     0.05)    0.03
 moffat    : (   40.27,    12.45)   13.16      1.87    1.02    0.75    33.04
             (    0.02,     0.02)    1.24      0.11    0.02    0.02     3.03
 moffat    : (   86.72,    10.51)   16.00      3.79    1.18    0.81    71.61
             (    0.10,     0.08)    0.39      0.60    0.10    0.04    10.39
 sky       : [231.00, 181.00]    70.00  -9.73e-04  -3.00e-04
                                  0.04  1.36e-04  1.67e-04
 Chi^2 = 133230.09729,  ndof = 125066
 Chi^2/nu = 1.065 

-----------------------------------------------------------------------------
-----------------------------------------------------------------------------

Input image     : HorseShoe_large_ADU.fits[1:461,1:361] 
Init. par. file : HorseShoe.feedme 
Restart file    : galfit.07 
Output image    : HorseShoe_output.fits 

 sersic    : (  234.02,   180.97)   11.67     83.93    2.44    0.91   -64.46
             (    0.11,     0.09)    0.05      4.72    0.10    0.01     2.77
 sersic    : (  231.60,   181.68)   14.24      6.61    0.82    0.59    -3.67
             (    0.02,     0.03)    0.02      0.05    0.01    0.01     0.55
 psf       : (  198.85,   163.32)   18.21
             (    0.04,     0.02)    0.02
 psf       : (  225.71,    91.23)   18.75
             (    0.04,     0.05)    0.03
 moffat    : (   40.27,    12.45)   13.16      1.87    1.02    0.76    32.97
             (    0.02,     0.02)    1.23      0.11    0.02    0.02     3.06
 moffat    : (   86.72,    10.51)   15.98      3.79    1.18    0.81    71.75
             (    0.10,     0.08)    0.40      0.59    0.10    0.04    10.41
 psf       : (   14.50,    47.65)   19.16
             (    0.05,     0.05)    0.06
 sky       : [231.00, 181.00]    69.99  -9.35e-04  -2.63e-04
                                  0.04  1.37e-04  1.65e-04
 Chi^2 = 133007.83393,  ndof = 125063
 Chi^2/nu = 1.064 

-----------------------------------------------------------------------------
-----------------------------------------------------------------------------

Input image     : HorseShoe_large_ADU.fits[1:461,1:361] 
Init. par. file : HorseShoe.feedme 
Restart file    : galfit.08 
Output image    : HorseShoe_output.fits 

 sersic    : (  234.02,   180.79)   11.47    103.56    2.70    0.91   -65.16
             (    0.10,     0.09)    0.06      7.05    0.11    0.01     2.83
 sersic    : (  231.57,   181.75)   14.23      6.71    0.84    0.59    -4.27
             (    0.02,     0.03)    0.01      0.05    0.01    0.01     0.54
 psf       : (  198.85,   163.32)   18.21
             (    0.04,     0.02)    0.02
 psf       : (  225.71,    91.23)   18.75
             (    0.04,     0.05)    0.03
 moffat    : (   40.28,    12.45)   12.58      1.73    1.01    0.82    31.41
             (    0.02,     0.02)    2.20      0.11    0.02    0.02     4.35
 moffat    : (   86.83,    10.51)   16.28      4.36    1.34    0.84    78.31
             (    0.10,     0.09)    0.19      0.64    0.13    0.04    11.24
 sersic    : (   17.31,    33.38)   15.47     23.85    0.37    0.11   -62.63
             (    0.66,     0.34)    0.03      0.75    0.03    0.00     0.23
 sky       : [231.00, 181.00]    69.72  -1.26e-04  6.00e-04
                                  0.05  1.37e-04  1.75e-04
 Chi^2 = 129136.65375,  ndof = 125059
 Chi^2/nu = 1.033 

-----------------------------------------------------------------------------
-----------------------------------------------------------------------------

Input image     : HorseShoe_large_ADU.fits[1:461,1:361] 
Init. par. file : HorseShoe.feedme 
Restart file    : galfit.09 
Output image    : HorseShoe_output.fits 

 sersic    : (  234.02,   180.79)   11.47    103.76    2.71    0.91   -65.16
             (    0.10,     0.09)    0.06      7.07    0.11    0.01     2.81
 sersic    : (  231.57,   181.75)   14.23      6.71    0.84    0.59    -4.27
             (    0.02,     0.03)    0.01      0.05    0.01    0.01     0.54
 psf       : (  198.85,   163.32)   18.21
             (    0.04,     0.02)    0.02
 psf       : (  225.71,    91.23)   18.75
             (    0.04,     0.05)    0.03
 moffat    : (   40.28,    12.45)   12.21      1.71    1.01    0.82    31.45
             (    0.02,     0.02)    3.12      0.11    0.02    0.02     4.33
 moffat    : (   86.83,    10.51)   16.28      4.37    1.34    0.84    78.31
             (    0.10,     0.09)    0.19      0.65    0.13    0.04    11.25
 sersic    : (   17.31,    33.38)   15.47     23.85    0.37    0.11   -62.63
             (    0.66,     0.34)    0.03      0.75    0.03    0.00     0.23
 sky       : [231.00, 181.00]    69.72  -1.21e-04  6.05e-04
                                  0.05  1.37e-04  1.75e-04
 Chi^2 = 129135.55589,  ndof = 125059
 Chi^2/nu = 1.033 

-----------------------------------------------------------------------------
-----------------------------------------------------------------------------

Input image     : HorseShoe_large_ADU.fits[1:461,1:361] 
Init. par. file : HorseShoe.feedme 
Restart file    : galfit.10 
Output image    : HorseShoe_output.fits 

 sersic    : (  234.02,   180.78)   11.46    104.71    2.72    0.91   -65.21
             (    0.10,     0.09)    0.06      7.19    0.12    0.01     2.82
 sersic    : (  231.57,   181.76)   14.23      6.72    0.84    0.59    -4.30
             (    0.02,     0.03)    0.01      0.05    0.01    0.01     0.54
 psf       : (  198.85,   163.32)   18.21
             (    0.04,     0.02)    0.02
 psf       : (  225.71,    91.23)   18.75
             (    0.04,     0.05)    0.03
 moffat    : (   40.28,    12.45)   12.18      1.71    1.01    0.82    31.35
             (    0.02,     0.02)    3.21      0.11    0.02    0.02     4.39
 moffat    : (   86.83,    10.51)   16.27      4.35    1.33    0.84    78.46
             (    0.10,     0.09)    0.19      0.64    0.13    0.04    11.30
 sersic    : (   17.30,    33.38)   15.47     23.87    0.37    0.11   -62.63
             (    0.66,     0.34)    0.03      0.75    0.03    0.00     0.23
 psf       : (   14.49,    47.66)   19.16
             (    0.05,     0.05)    0.06
 sky       : [231.00, 181.00]    69.71  -8.15e-05  6.44e-04
                                  0.05  1.37e-04  1.75e-04
 Chi^2 = 128913.35856,  ndof = 125056
 Chi^2/nu = 1.031 

-----------------------------------------------------------------------------
-----------------------------------------------------------------------------

Input image     : HorseShoe_large_ADU.fits[1:461,1:361] 
Init. par. file : HorseShoe.feedme 
Restart file    : galfit.11 
Output image    : HorseShoe_output.fits 

 sersic    : (  234.02,   180.78)   11.46    104.71    2.72    0.91   -65.21
             (    0.10,     0.09)    0.06      7.19    0.12    0.01     2.82
 sersic    : (  231.57,   181.76)   14.23      6.72    0.84    0.59    -4.30
             (    0.02,     0.03)    0.01      0.05    0.01    0.01     0.54
 psf       : (  198.85,   163.32)   18.21
             (    0.04,     0.02)    0.02
 psf       : (  225.71,    91.23)   18.75
             (    0.04,     0.05)    0.03
 moffat    : (   40.28,    12.45)   12.18      1.71    1.01    0.82    31.35
             (    0.02,     0.02)    3.21      0.11    0.02    0.02     4.39
 moffat    : (   86.83,    10.51)   16.27      4.35    1.33    0.84    78.46
             (    0.10,     0.09)    0.19      0.64    0.13    0.04    11.30
 sersic    : (   17.30,    33.38)   15.47     23.87    0.37    0.11   -62.63
             (    0.66,     0.34)    0.03      0.75    0.03    0.00     0.23
 psf       : (   14.49,    47.66)   19.16
             (    0.05,     0.05)    0.06
 sky       : [231.00, 181.00]    69.71  -8.15e-05  6.44e-04
                                  0.05  1.37e-04  1.75e-04
 Chi^2 = 128913.35734,  ndof = 125056
 Chi^2/nu = 1.031 

-----------------------------------------------------------------------------
-----------------------------------------------------------------------------

Input image     : HorseShoe_large_ADU.fits[1:461,1:361] 
Init. par. file : HorseShoe.feedme 
Restart file    : galfit.12 
Output image    : HorseShoe_output.fits 

 sersic    : (  234.01,   180.79)   11.47    103.45    2.70    0.91   -65.10
             (    0.10,     0.09)    0.06      7.03    0.11    0.01     2.81
 sersic    : (  231.57,   181.75)   14.23      6.71    0.84    0.59    -4.27
             (    0.02,     0.03)    0.01      0.05    0.01    0.01     0.54
 psf       : (  198.87,   163.32)   18.21
             (    0.04,     0.02)    0.02
 psf       : (  225.71,    91.23)   18.75
             (    0.04,     0.05)    0.03
 moffat    : (   40.28,    12.45)   12.53      1.71    1.01    0.82    31.42
             (    0.02,     0.02)    2.32      0.11    0.02    0.02     4.43
 moffat    : (   86.83,    10.51)   16.28      4.37    1.34    0.84    78.42
             (    0.10,     0.09)    0.19      0.64    0.13    0.04    11.23
 sersic    : (   17.31,    33.38)   15.47     23.87    0.37    0.11   -62.63
             (    0.66,     0.34)    0.03      0.75    0.03    0.00     0.23
 psf       : (   14.42,    47.77)   19.21
             (    0.06,     0.08)    0.07
 moffat    : (   17.20,   288.77)   17.81     *0.03*   1.04   *0.02*   34.70
             (    2.81,     4.74)   19.34     *3.32*   0.82   *0.05*    3.65
 sky       : [231.00, 181.00]    69.72  -4.96e-05  5.88e-04
                                  0.05  1.37e-04  1.75e-04
 Chi^2 = 128760.58792,  ndof = 125049
 Chi^2/nu = 1.030 

-----------------------------------------------------------------------------
-----------------------------------------------------------------------------

Input image     : HorseShoe_large_ADU.fits[1:461,1:361] 
Init. par. file : HorseShoe.feedme 
Restart file    : galfit.13 
Output image    : HorseShoe_output.fits 

 sersic    : (  234.02,   180.79)   11.45    105.69    2.73    0.91   -65.12
             (    0.10,     0.09)    0.06      7.31    0.12    0.01     2.39
 sersic    : (  231.57,   181.76)   14.23      6.72    0.84    0.59    -4.30
             (    0.02,     0.03)    0.01      0.05    0.01    0.01     0.54
 psf       : (  198.85,   163.32)   18.21
             (    0.04,     0.02)    0.02
 psf       : (  225.71,    91.23)   18.75
             (    0.04,     0.05)    0.03
 moffat    : (   40.28,    12.45)   12.31      1.72    1.01    0.82    31.33
             (    0.02,     0.02)    2.44      0.09    0.02    0.02     4.39
 moffat    : (   86.82,    10.51)   16.25      4.34    1.32    0.84    78.42
             (    0.10,     0.09)    0.20      0.64    0.13    0.04    11.28
 sersic    : (   17.30,    33.37)   15.47     23.89    0.37    0.11   -62.63
             (    0.66,     0.34)    0.03      0.75    0.03    0.00     0.23
 psf       : (   14.49,    47.67)   19.16
             (    0.05,     0.06)    0.06
 psf       : (   16.45,   287.79)   19.13
             (    0.06,     0.08)    0.06
 sky       : [231.00, 181.00]    69.70  -4.14e-05  6.14e-04
                                  0.05  1.37e-04  1.75e-04
 Chi^2 = 128673.74283,  ndof = 125053
 Chi^2/nu = 1.029 

-----------------------------------------------------------------------------
-----------------------------------------------------------------------------

Input image     : HorseShoe_large_ADU.fits[1:461,1:361] 
Init. par. file : HorseShoe.feedme 
Restart file    : galfit.14 
Output image    : HorseShoe_output.fits 

 sersic    : (  234.01,   180.79)   11.46    105.32    2.73    0.91   -65.11
             (    0.10,     0.09)    0.06      7.25    0.12    0.01     2.81
 sersic    : (  231.57,   181.76)   14.23      6.72    0.84    0.59    -4.28
             (    0.02,     0.03)    0.01      0.05    0.01    0.01     0.54
 psf       : (  198.86,   163.32)   18.21
             (    0.04,     0.02)    0.02
 psf       : (  225.71,    91.23)   18.75
             (    0.04,     0.05)    0.03
 moffat    : (   40.28,    12.45)   12.41      1.72    1.01    0.82    31.32
             (    0.02,     0.02)    2.56      0.11    0.02    0.02     4.40
 moffat    : (   86.82,    10.51)   16.26      4.35    1.32    0.84    78.36
             (    0.10,     0.09)    0.20      0.64    0.13    0.04    11.24
 sersic    : (   17.30,    33.37)   15.47     23.89    0.37    0.11   -62.63
             (    0.66,     0.34)    0.03      0.75    0.03    0.00     0.23
 psf       : (   14.49,    47.66)   19.16
             (    0.05,     0.05)    0.06
 psf       : (   16.44,   287.87)   19.14
             (    0.06,     0.09)    0.07
 sky       : [231.00, 181.00]    69.70  -4.33e-05  6.12e-04
                                  0.05  1.37e-04  1.75e-04
 Chi^2 = 128674.83482,  ndof = 125053
 Chi^2/nu = 1.029 

-----------------------------------------------------------------------------
-----------------------------------------------------------------------------

Input image     : HorseShoe_large_ADU.fits[1:461,1:361] 
Init. par. file : HorseShoe.feedme 
Restart file    : galfit.15 
Output image    : HorseShoe_output.fits 

 sersic    : (  234.02,   180.79)   11.45    106.20    2.73    0.91   -65.14
             (    0.10,     0.09)    0.06      7.38    0.12    0.01     2.68
 sersic    : (  231.57,   181.76)   14.23      6.73    0.84    0.59    -4.29
             (    0.02,     0.03)    0.01      0.05    0.01    0.01     0.54
 psf       : (  198.86,   163.32)   18.21
             (    0.04,     0.02)    0.02
 psf       : (  225.71,    91.23)   18.75
             (    0.04,     0.05)    0.03
 moffat    : (   40.28,    12.45)   12.35      1.72    1.01    0.82    31.31
             (    0.02,     0.02)    2.57      0.10    0.02    0.02     4.39
 moffat    : (   86.83,    10.51)   16.25      4.32    1.32    0.84    78.40
             (    0.10,     0.09)    0.20      0.63    0.12    0.04    11.31
 sersic    : (   17.30,    33.37)   15.47     23.89    0.37    0.11   -62.63
             (    0.66,     0.34)    0.03      0.75    0.03    0.00     0.23
 psf       : (   14.49,    47.65)   19.16
             (    0.05,     0.05)    0.06
 psf       : (   16.44,   287.88)   19.14
             (    0.06,     0.09)    0.07
 psf       : (   19.80,   356.34)   19.55
             (    0.11,     0.07)    0.08
 sky       : [231.00, 181.00]    69.69  -1.57e-05  5.81e-04
                                  0.05  1.37e-04  1.75e-04
 Chi^2 = 128560.68961,  ndof = 125050
 Chi^2/nu = 1.028 

-----------------------------------------------------------------------------
-----------------------------------------------------------------------------

Input image     : HorseShoe_large_ADU.fits[1:461,1:361] 
Init. par. file : HorseShoe.feedme 
Restart file    : galfit.16 
Output image    : HorseShoe_output.fits 

 sersic    : (  234.03,   180.80)   11.43    108.29    2.74    0.90   -65.42
             (    0.10,     0.09)    0.06      7.64    0.12    0.01     2.67
 sersic    : (  231.57,   181.75)   14.22      6.74    0.85    0.59    -4.20
             (    0.02,     0.03)    0.01      0.05    0.01    0.01     0.54
 psf       : (  198.85,   163.32)   18.21
             (    0.04,     0.02)    0.02
 psf       : (  225.71,    91.23)   18.75
             (    0.04,     0.05)    0.03
 moffat    : (   40.28,    12.45)   12.13      1.71    1.01    0.82    31.29
             (    0.02,     0.02)    3.37      0.11    0.02    0.02     4.37
 moffat    : (   86.83,    10.51)   16.26      4.34    1.32    0.84    78.36
             (    0.10,     0.09)    0.19      0.64    0.13    0.04    11.28
 sersic    : (   17.30,    33.37)   15.47     23.90    0.37    0.11   -62.63
             (    0.66,     0.34)    0.03      0.75    0.03    0.00     0.23
 psf       : (   14.49,    47.65)   19.16
             (    0.05,     0.05)    0.06
 psf       : (   16.43,   287.94)   19.15
             (    0.06,     0.10)    0.07
 psf       : (   19.94,   356.32)   19.56
             (    0.14,     0.08)    0.07
 sersic    : (  163.70,   343.69)   17.11     15.30    0.68    0.12    73.26
             (    0.80,     0.24)    0.06      1.24    0.15    0.01     0.83
 sky       : [231.00, 181.00]    69.64  7.01e-05  2.80e-04
                                  0.05  1.37e-04  1.74e-04
 Chi^2 = 128135.90156,  ndof = 125043
 Chi^2/nu = 1.025 

-----------------------------------------------------------------------------
-----------------------------------------------------------------------------

Input image     : HorseShoe_large_ADU.fits[1:461,1:361] 
Init. par. file : HorseShoe.feedme 
Restart file    : galfit.17 
Output image    : HorseShoe_output.fits 

 sersic    : (  234.03,   180.80)   11.44    108.00    2.74    0.90   -65.39
             (    0.10,     0.09)    0.06      7.60    0.12    0.01     2.67
 sersic    : (  231.57,   181.75)   14.22      6.74    0.85    0.59    -4.20
             (    0.02,     0.03)    0.01      0.05    0.01    0.01     0.54
 psf       : (  198.85,   163.32)   18.21
             (    0.04,     0.02)    0.02
 psf       : (  225.71,    91.23)   18.75
             (    0.04,     0.05)    0.03
 moffat    : (   40.28,    12.45)   12.26      1.72    1.01    0.82    31.28
             (    0.02,     0.02)    2.97      0.11    0.02    0.02     4.38
 moffat    : (   86.83,    10.51)   16.26      4.34    1.32    0.84    78.37
             (    0.10,     0.09)    0.20      0.64    0.13    0.04    11.29
 sersic    : (   17.30,    33.37)   15.47     23.90    0.37    0.11   -62.63
             (    0.66,     0.34)    0.03      0.75    0.03    0.00     0.23
 psf       : (   14.49,    47.65)   19.16
             (    0.05,     0.05)    0.06
 psf       : (   16.44,   287.90)   19.14
             (    0.06,     0.09)    0.07
 psf       : (   19.92,   356.32)   19.56
             (    0.14,     0.08)    0.07
 sersic    : (  163.42,   343.76)   17.21     14.59    0.41    0.11    73.59
             (    0.75,     0.22)    0.06      0.81    0.11    0.01     0.69
 sky       : [231.00, 181.00]    69.65  6.18e-05  3.05e-04
                                  0.05  1.37e-04  1.74e-04
 Chi^2 = 128133.71245,  ndof = 125043
 Chi^2/nu = 1.025 

-----------------------------------------------------------------------------
-----------------------------------------------------------------------------

Input image     : HorseShoe_large_ADU.fits[1:461,1:361] 
Init. par. file : HorseShoe.feedme 
Restart file    : galfit.01 
Output image    : HorseShoe_output.fits 

 sersic    : (  234.03,   180.80)   11.44    108.00    2.74    0.90   -65.39
             (    0.10,     0.09)    0.06      7.60    0.12    0.01     2.67
 sersic    : (  231.57,   181.75)   14.22      6.74    0.85    0.59    -4.20
             (    0.02,     0.03)    0.01      0.05    0.01    0.01     0.54
 psf       : (  198.85,   163.32)   18.21
             (    0.04,     0.02)    0.02
 psf       : (  225.71,    91.23)   18.75
             (    0.04,     0.05)    0.03
 moffat    : (   40.28,    12.45)   12.26      1.72    1.01    0.82    31.28
             (    0.02,     0.02)    2.97      0.11    0.02    0.02     4.38
 moffat    : (   86.83,    10.51)   16.26      4.34    1.32    0.84    78.37
             (    0.10,     0.09)    0.20      0.64    0.13    0.04    11.29
 sersic    : (   17.30,    33.37)   15.47     23.90    0.37    0.11   -62.63
             (    0.66,     0.34)    0.03      0.75    0.03    0.00     0.23
 psf       : (   14.49,    47.65)   19.16
             (    0.05,     0.05)    0.06
 psf       : (   16.44,   287.90)   19.14
             (    0.06,     0.09)    0.07
 psf       : (   19.92,   356.32)   19.56
             (    0.14,     0.08)    0.07
 sersic    : (  163.42,   343.76)   17.21     14.59    0.41    0.11    73.59
             (    0.75,     0.22)    0.06      0.81    0.11    0.01     0.69
 sky       : [231.00, 181.00]    69.65  6.18e-05  3.05e-04
                                  0.05  1.37e-04  1.74e-04
 Chi^2 = 128133.71245,  ndof = 125043
 Chi^2/nu = 1.025 

-----------------------------------------------------------------------------
